2025-07-30T00:18:11.452+09:00 ERROR %PARSER_ERROR[pid] --- [           main] o.s.boot.SpringApplication               : Application run failed
java.lang.IllegalStateException: java.lang.IllegalStateException: Logback configuration error detected: 
ERROR in ch.qos.logback.core.pattern.parser.Compiler@2cb3d0f7 - There is no conversion supplier registered for conversion word [pid]
ERROR in ch.qos.logback.core.pattern.parser.Compiler@2cb3d0f7 - [pid] is not a valid conversion word
ERROR in ch.qos.logback.core.pattern.parser.Compiler@21d8bcbe - There is no conversion supplier registered for conversion word [pid]
ERROR in ch.qos.logback.core.pattern.parser.Compiler@21d8bcbe - [pid] is not a valid conversion word
	at org.springframework.boot.context.logging.LoggingApplicationListener.initializeSystem(LoggingApplicationListener.java:347)
	at org.springframework.boot.context.logging.LoggingApplicationListener.initialize(LoggingApplicationListener.java:298)
	at org.springframework.boot.context.logging.LoggingApplicationListener.onApplicationEnvironmentPreparedEvent(LoggingApplicationListener.java:246)
	at org.springframework.boot.context.logging.LoggingApplicationListener.onApplicationEvent(LoggingApplicationListener.java:223)
	at org.springframework.context.event.SimpleApplicationEventMulticaster.doInvokeListener(SimpleApplicationEventMulticaster.java:185)
	at org.springframework.context.event.SimpleApplicationEventMulticaster.invokeListener(SimpleApplicationEventMulticaster.java:178)
	at org.springframework.context.event.SimpleApplicationEventMulticaster.multicastEvent(SimpleApplicationEventMulticaster.java:156)
	at org.springframework.context.event.SimpleApplicationEventMulticaster.multicastEvent(SimpleApplicationEventMulticaster.java:138)
	at org.springframework.boot.context.event.EventPublishingRunListener.multicastInitialEvent(EventPublishingRunListener.java:136)
	at org.springframework.boot.context.event.EventPublishingRunListener.environmentPrepared(EventPublishingRunListener.java:81)
	at org.springframework.boot.SpringApplicationRunListeners.lambda$environmentPrepared$2(SpringApplicationRunListeners.java:64)
	at java.base/java.lang.Iterable.forEach(Iterable.java:75)
	at org.springframework.boot.SpringApplicationRunListeners.doWithListeners(SpringApplicationRunListeners.java:118)
	at org.springframework.boot.SpringApplicationRunListeners.doWithListeners(SpringApplicationRunListeners.java:112)
	at org.springframework.boot.SpringApplicationRunListeners.environmentPrepared(SpringApplicationRunListeners.java:63)
	at org.springframework.boot.SpringApplication.prepareEnvironment(SpringApplication.java:353)
	at org.springframework.boot.SpringApplication.run(SpringApplication.java:313)
	at org.springframework.boot.SpringApplication.run(SpringApplication.java:1361)
	at org.springframework.boot.SpringApplication.run(SpringApplication.java:1350)
	at kr.co.moviearchive.MovieArchiveApplicationKt.main(MovieArchiveApplication.kt:13)
Caused by: java.lang.IllegalStateException: Logback configuration error detected: 
ERROR in ch.qos.logback.core.pattern.parser.Compiler@2cb3d0f7 - There is no conversion supplier registered for conversion word [pid]
ERROR in ch.qos.logback.core.pattern.parser.Compiler@2cb3d0f7 - [pid] is not a valid conversion word
ERROR in ch.qos.logback.core.pattern.parser.Compiler@21d8bcbe - There is no conversion supplier registered for conversion word [pid]
ERROR in ch.qos.logback.core.pattern.parser.Compiler@21d8bcbe - [pid] is not a valid conversion word
	at org.springframework.boot.logging.logback.LogbackLoggingSystem.reportConfigurationErrorsIfNecessary(LogbackLoggingSystem.java:289)
	at org.springframework.boot.logging.logback.LogbackLoggingSystem.loadConfiguration(LogbackLoggingSystem.java:267)
	at org.springframework.boot.logging.AbstractLoggingSystem.initializeWithConventions(AbstractLoggingSystem.java:81)
	at org.springframework.boot.logging.AbstractLoggingSystem.initialize(AbstractLoggingSystem.java:61)
	at org.springframework.boot.logging.logback.LogbackLoggingSystem.initialize(LogbackLoggingSystem.java:195)
	at org.springframework.boot.context.logging.LoggingApplicationListener.initializeSystem(LoggingApplicationListener.java:332)
	... 19 common frames omitted
2025-07-30T00:19:03.716+09:00  INFO --- [           main] k.c.m.MovieArchiveApplicationKt          : Starting MovieArchiveApplicationKt using Java 21.0.2 with PID 97819 (/Users/kmk/Desktop/personalProject/movie-archive/build/classes/kotlin/main started by kmk in /Users/kmk/Desktop/personalProject/movie-archive)
2025-07-30T00:19:03.717+09:00 DEBUG --- [           main] k.c.m.MovieArchiveApplicationKt          : Running with Spring Boot v3.5.4, Spring v6.2.9
2025-07-30T00:19:03.717+09:00  INFO --- [           main] k.c.m.MovieArchiveApplicationKt          : No active profile set, falling back to 1 default profile: "default"
2025-07-30T00:19:04.034+09:00  INFO --- [           main] o.s.b.w.embedded.tomcat.TomcatWebServer  : Tomcat initialized with port 8080 (http)
2025-07-30T00:19:04.041+09:00  INFO --- [           main] o.apache.catalina.core.StandardService   : Starting service [Tomcat]
2025-07-30T00:19:04.041+09:00  INFO --- [           main] o.apache.catalina.core.StandardEngine    : Starting Servlet engine: [Apache Tomcat/10.1.43]
2025-07-30T00:19:04.055+09:00  INFO --- [           main] o.a.c.c.C.[Tomcat].[localhost].[/]       : Initializing Spring embedded WebApplicationContext
2025-07-30T00:19:04.055+09:00  INFO --- [           main] w.s.c.ServletWebServerApplicationContext : Root WebApplicationContext: initialization completed in 318 ms
2025-07-30T00:19:04.191+09:00  INFO --- [           main] o.s.b.w.embedded.tomcat.TomcatWebServer  : Tomcat started on port 8080 (http) with context path '/'
2025-07-30T00:19:04.195+09:00  INFO --- [           main] k.c.m.MovieArchiveApplicationKt          : Started MovieArchiveApplicationKt in 0.678 seconds (process running for 0.909)
2025-07-30T00:19:50.661+09:00  INFO --- [nio-8080-exec-1] o.a.c.c.C.[Tomcat].[localhost].[/]       : Initializing Spring DispatcherServlet 'dispatcherServlet'
2025-07-30T00:19:50.661+09:00  INFO --- [nio-8080-exec-1] o.s.web.servlet.DispatcherServlet        : Initializing Servlet 'dispatcherServlet'
2025-07-30T00:19:50.662+09:00  INFO --- [nio-8080-exec-1] o.s.web.servlet.DispatcherServlet        : Completed initialization in 1 ms
2025-07-30T00:19:50.703+09:00 ERROR --- [nio-8080-exec-1] k.c.m.controller.TestController          : error
2025-07-30T00:19:51.742+09:00 ERROR --- [nio-8080-exec-2] k.c.m.controller.TestController          : error
2025-07-30T00:19:52.646+09:00 ERROR --- [nio-8080-exec-3] k.c.m.controller.TestController          : error
2025-07-30T00:27:19.728+09:00 ERROR --- [nio-8080-exec-6] k.c.m.controller.TestController          : error
2025-07-30T00:27:20.382+09:00 ERROR --- [nio-8080-exec-8] k.c.m.controller.TestController          : error
2025-07-30T00:27:21.040+09:00 ERROR --- [nio-8080-exec-9] k.c.m.controller.TestController          : error
2025-07-30T00:27:21.647+09:00 ERROR --- [io-8080-exec-10] k.c.m.controller.TestController          : error
2025-07-30T00:27:27.209+09:00  INFO --- [nio-8080-exec-3] k.c.m.controller.TestController          : info
2025-07-30T00:33:57.492+09:00  INFO --- [nio-8080-exec-4] k.c.m.controller.TestController          : info
2025-07-30T00:33:58.378+09:00  INFO --- [nio-8080-exec-7] k.c.m.controller.TestController          : info
2025-07-30T00:33:59.007+09:00  INFO --- [nio-8080-exec-6] k.c.m.controller.TestController          : info
2025-07-30T00:34:02.900+09:00 ERROR --- [io-8080-exec-10] k.c.m.controller.TestController          : error
2025-07-30T00:35:00.066+09:00  INFO --- [ionShutdownHook] o.s.b.w.e.tomcat.GracefulShutdown        : Commencing graceful shutdown. Waiting for active requests to complete
2025-07-30T00:35:00.075+09:00  INFO --- [tomcat-shutdown] o.s.b.w.e.tomcat.GracefulShutdown        : Graceful shutdown complete
2025-07-30T14:06:28.720+09:00  INFO --- [           main] k.c.m.MovieArchiveApplicationKt          : Starting MovieArchiveApplicationKt using Java 21.0.2 with PID 35303 (/Users/kmk/Desktop/personalProject/movie-archive/build/classes/kotlin/main started by kmk in /Users/kmk/Desktop/personalProject/movie-archive)
2025-07-30T14:06:28.721+09:00 DEBUG --- [           main] k.c.m.MovieArchiveApplicationKt          : Running with Spring Boot v3.5.4, Spring v6.2.9
2025-07-30T14:06:28.721+09:00  INFO --- [           main] k.c.m.MovieArchiveApplicationKt          : No active profile set, falling back to 1 default profile: "default"
2025-07-30T14:06:29.072+09:00  INFO --- [           main] o.s.b.w.embedded.tomcat.TomcatWebServer  : Tomcat initialized with port 8080 (http)
2025-07-30T14:06:29.079+09:00  INFO --- [           main] o.apache.catalina.core.StandardService   : Starting service [Tomcat]
2025-07-30T14:06:29.079+09:00  INFO --- [           main] o.apache.catalina.core.StandardEngine    : Starting Servlet engine: [Apache Tomcat/10.1.43]
2025-07-30T14:06:29.093+09:00  INFO --- [           main] o.a.c.c.C.[Tomcat].[localhost].[/]       : Initializing Spring embedded WebApplicationContext
2025-07-30T14:06:29.094+09:00  INFO --- [           main] w.s.c.ServletWebServerApplicationContext : Root WebApplicationContext: initialization completed in 347 ms
2025-07-30T14:06:29.230+09:00  INFO --- [           main] o.s.b.w.embedded.tomcat.TomcatWebServer  : Tomcat started on port 8080 (http) with context path '/'
2025-07-30T14:06:29.236+09:00  INFO --- [           main] k.c.m.MovieArchiveApplicationKt          : Started MovieArchiveApplicationKt in 0.719 seconds (process running for 0.992)
2025-07-30T14:07:30.872+09:00  INFO --- [nio-8080-exec-1] o.a.c.c.C.[Tomcat].[localhost].[/]       : Initializing Spring DispatcherServlet 'dispatcherServlet'
2025-07-30T14:07:30.873+09:00  INFO --- [nio-8080-exec-1] o.s.web.servlet.DispatcherServlet        : Initializing Servlet 'dispatcherServlet'
2025-07-30T14:07:30.874+09:00  INFO --- [nio-8080-exec-1] o.s.web.servlet.DispatcherServlet        : Completed initialization in 1 ms
2025-07-30T14:07:30.914+09:00  INFO --- [nio-8080-exec-1] k.c.m.controller.TestController          : info
2025-07-30T14:08:20.900+09:00 DEBUG --- [nio-8080-exec-3] k.c.m.controller.TestController          : debug
2025-07-30T14:08:27.222+09:00  WARN --- [nio-8080-exec-5] k.c.m.controller.TestController          : warn
2025-07-30T14:08:31.225+09:00 ERROR --- [nio-8080-exec-6] k.c.m.controller.TestController          : error
2025-07-30T14:09:47.714+09:00 ERROR --- [nio-8080-exec-9] k.c.m.controller.TestController          : error
2025-07-30T14:09:49.836+09:00 ERROR --- [io-8080-exec-10] k.c.m.controller.TestController          : error
2025-07-30T14:09:50.513+09:00 ERROR --- [nio-8080-exec-1] k.c.m.controller.TestController          : error
2025-07-30T14:09:51.174+09:00 ERROR --- [nio-8080-exec-2] k.c.m.controller.TestController          : error
2025-07-30T14:10:33.046+09:00 ERROR --- [nio-8080-exec-5] k.c.m.controller.TestController          : error
2025-07-30T14:35:30.213+09:00  INFO --- [ionShutdownHook] o.s.b.w.e.tomcat.GracefulShutdown        : Commencing graceful shutdown. Waiting for active requests to complete
2025-07-30T14:35:30.217+09:00  INFO --- [tomcat-shutdown] o.s.b.w.e.tomcat.GracefulShutdown        : Graceful shutdown complete
